# JRE version: OpenJDK Runtime Environment Temurin-21.0.10+7 (21.0.10+7) (build 21.0.10+7-LTS)
# Java VM: OpenJDK 64-Bit Server VM Temurin-21.0.10+7 (21.0.10+7-LTS, mixed mode, sharing, tiered, compressed oops, compressed class ptrs, parallel gc, windows-amd64)
GC Precious Log:
 CardTable entry size: 512
 CPUs: 4 total, 4 available
 Memory: 7959M
 Large Page Support: Disabled
 NUMA Support: Disabled
 Compressed Oops: Enabled (32-bit)
 Alignments: Space 512K, Generation 512K, Heap 2M
 Heap Min Capacity: 100M
 Heap Initial Capacity: 100M
 Heap Max Capacity: 2G
 Pre-touch: Disabled
 Parallel Workers: 4
Heap:
 PSYoungGen      total 17408K, used 4829K [0x00000000d5580000, 0x00000000d6900000, 0x0000000100000000)
  eden space 15872K, 21% used [0x00000000d5580000,0x00000000d58df658,0x00000000d6500000)
  from space 1536K, 89% used [0x00000000d6780000,0x00000000d68d8040,0x00000000d6900000)
  to   space 1536K, 0% used [0x00000000d6600000,0x00000000d6600000,0x00000000d6780000)
 ParOldGen       total 68608K, used 56617K [0x0000000080000000, 0x0000000084300000, 0x00000000d5580000)
  object space 68608K, 82% used [0x0000000080000000,0x000000008374a6b8,0x0000000084300000)
 Metaspace       used 44747K, committed 45824K, reserved 1114112K
  class space    used 4445K, committed 4928K, reserved 1048576K
GC Heap History (20 events):
Event: 33.181 GC heap before
{Heap before GC invocations=32 (full 2):
 PSYoungGen      total 21504K, used 21412K [0x00000000d5580000, 0x00000000d6e80000, 0x0000000100000000)
  eden space 20992K, 100% used [0x00000000d5580000,0x00000000d6a00000,0x00000000d6a00000)
  from space 512K, 82% used [0x00000000d6d80000,0x00000000d6de9278,0x00000000d6e00000)
  to   space 512K, 0% used [0x00000000d6e00000,0x00000000d6e00000,0x00000000d6e80000)
 ParOldGen       total 68608K, used 39429K [0x0000000080000000, 0x0000000084300000, 0x00000000d5580000)
  object space 68608K, 57% used [0x0000000080000000,0x00000000826816a8,0x0000000084300000)
 Metaspace       used 40591K, committed 41664K, reserved 1114112K
  class space    used 4086K, committed 4544K, reserved 1048576K
}
Event: 33.187 GC heap after
{Heap after GC invocations=32 (full 2):
 PSYoungGen      total 20480K, used 511K [0x00000000d5580000, 0x00000000d7400000, 0x0000000100000000)
  eden space 19968K, 0% used [0x00000000d5580000,0x00000000d5580000,0x00000000d6900000)
  from space 512K, 99% used [0x00000000d6e00000,0x00000000d6e7fc78,0x00000000d6e80000)
  to   space 5120K, 0% used [0x00000000d6900000,0x00000000d6900000,0x00000000d6e00000)
 ParOldGen       total 68608K, used 43315K [0x0000000080000000, 0x0000000084300000, 0x00000000d5580000)
  object space 68608K, 63% used [0x0000000080000000,0x0000000082a4cfa0,0x0000000084300000)
 Metaspace       used 40591K, committed 41664K, reserved 1114112K
  class space    used 4086K, committed 4544K, reserved 1048576K
}
Event: 33.297 GC heap before
{Heap before GC invocations=33 (full 2):
 PSYoungGen      total 20480K, used 20479K [0x00000000d5580000, 0x00000000d7400000, 0x0000000100000000)
  eden space 19968K, 100% used [0x00000000d5580000,0x00000000d6900000,0x00000000d6900000)
  from space 512K, 99% used [0x00000000d6e00000,0x00000000d6e7fc78,0x00000000d6e80000)
  to   space 5120K, 0% used [0x00000000d6900000,0x00000000d6900000,0x00000000d6e00000)
 ParOldGen       total 68608K, used 43315K [0x0000000080000000, 0x0000000084300000, 0x00000000d5580000)
  object space 68608K, 63% used [0x0000000080000000,0x0000000082a4cfa0,0x0000000084300000)
 Metaspace       used 40599K, committed 41664K, reserved 1114112K
  class space    used 4087K, committed 4544K, reserved 1048576K
}
Event: 33.301 GC heap after
{Heap after GC invocations=33 (full 2):
 PSYoungGen      total 20992K, used 544K [0x00000000d5580000, 0x00000000d6e80000, 0x0000000100000000)
  eden space 19968K, 0% used [0x00000000d5580000,0x00000000d5580000,0x00000000d6900000)
  from space 1024K, 53% used [0x00000000d6900000,0x00000000d6988000,0x00000000d6a00000)
  to   space 2048K, 0% used [0x00000000d6c80000,0x00000000d6c80000,0x00000000d6e80000)
 ParOldGen       total 68608K, used 43851K [0x0000000080000000, 0x0000000084300000, 0x00000000d5580000)
  object space 68608K, 63% used [0x0000000080000000,0x0000000082ad2c18,0x0000000084300000)
 Metaspace       used 40599K, committed 41664K, reserved 1114112K
  class space    used 4087K, committed 4544K, reserved 1048576K
}
Event: 33.365 GC heap before
{Heap before GC invocations=34 (full 2):
 PSYoungGen      total 20992K, used 20512K [0x00000000d5580000, 0x00000000d6e80000, 0x0000000100000000)
  eden space 19968K, 100% used [0x00000000d5580000,0x00000000d6900000,0x00000000d6900000)
  from space 1024K, 53% used [0x00000000d6900000,0x00000000d6988000,0x00000000d6a00000)
  to   space 2048K, 0% used [0x00000000d6c80000,0x00000000d6c80000,0x00000000d6e80000)
 ParOldGen       total 68608K, used 43851K [0x0000000080000000, 0x0000000084300000, 0x00000000d5580000)
  object space 68608K, 63% used [0x0000000080000000,0x0000000082ad2c18,0x0000000084300000)
 Metaspace       used 40599K, committed 41664K, reserved 1114112K
  class space    used 4087K, committed 4544K, reserved 1048576K
}
Event: 33.368 GC heap after
{Heap after GC invocations=34 (full 2):
 PSYoungGen      total 20992K, used 1024K [0x00000000d5580000, 0x00000000d6d80000, 0x0000000100000000)
  eden space 19968K, 0% used [0x00000000d5580000,0x00000000d5580000,0x00000000d6900000)
  from space 1024K, 100% used [0x00000000d6c80000,0x00000000d6d80000,0x00000000d6d80000)
  to   space 1536K, 0% used [0x00000000d6a80000,0x00000000d6a80000,0x00000000d6c00000)
 ParOldGen       total 68608K, used 44347K [0x0000000080000000, 0x0000000084300000, 0x00000000d5580000)
  object space 68608K, 64% used [0x0000000080000000,0x0000000082b4ec18,0x0000000084300000)
 Metaspace       used 40599K, committed 41664K, reserved 1114112K
  class space    used 4087K, committed 4544K, reserved 1048576K
}
Event: 33.425 GC heap before
{Heap before GC invocations=35 (full 2):
 PSYoungGen      total 20992K, used 20992K [0x00000000d5580000, 0x00000000d6d80000, 0x0000000100000000)
  eden space 19968K, 100% used [0x00000000d5580000,0x00000000d6900000,0x00000000d6900000)
  from space 1024K, 100% used [0x00000000d6c80000,0x00000000d6d80000,0x00000000d6d80000)
  to   space 1536K, 0% used [0x00000000d6a80000,0x00000000d6a80000,0x00000000d6c00000)
 ParOldGen       total 68608K, used 44347K [0x0000000080000000, 0x0000000084300000, 0x00000000d5580000)
  object space 68608K, 64% used [0x0000000080000000,0x0000000082b4ec18,0x0000000084300000)
 Metaspace       used 40599K, committed 41664K, reserved 1114112K
  class space    used 4087K, committed 4544K, reserved 1048576K
}
Event: 33.427 GC heap after
{Heap after GC invocations=35 (full 2):
 PSYoungGen      total 21504K, used 928K [0x00000000d5580000, 0x00000000d6d00000, 0x0000000100000000)
  eden space 19968K, 0% used [0x00000000d5580000,0x00000000d5580000,0x00000000d6900000)
  from space 1536K, 60% used [0x00000000d6a80000,0x00000000d6b68000,0x00000000d6c00000)
  to   space 1024K, 0% used [0x00000000d6c00000,0x00000000d6c00000,0x00000000d6d00000)
 ParOldGen       total 68608K, used 45371K [0x0000000080000000, 0x0000000084300000, 0x00000000d5580000)
  object space 68608K, 66% used [0x0000000080000000,0x0000000082c4ec18,0x0000000084300000)
 Metaspace       used 40599K, committed 41664K, reserved 1114112K
  class space    used 4087K, committed 4544K, reserved 1048576K
}
Event: 33.467 GC heap before
{Heap before GC invocations=36 (full 2):
 PSYoungGen      total 21504K, used 20896K [0x00000000d5580000, 0x00000000d6d00000, 0x0000000100000000)
  eden space 19968K, 100% used [0x00000000d5580000,0x00000000d6900000,0x00000000d6900000)
  from space 1536K, 60% used [0x00000000d6a80000,0x00000000d6b68000,0x00000000d6c00000)
  to   space 1024K, 0% used [0x00000000d6c00000,0x00000000d6c00000,0x00000000d6d00000)
 ParOldGen       total 68608K, used 45371K [0x0000000080000000, 0x0000000084300000, 0x00000000d5580000)
  object space 68608K, 66% used [0x0000000080000000,0x0000000082c4ec18,0x0000000084300000)
 Metaspace       used 40599K, committed 41664K, reserved 1114112K
  class space    used 4087K, committed 4544K, reserved 1048576K
}
Event: 33.469 GC heap after
{Heap after GC invocations=36 (full 2):
 PSYoungGen      total 20480K, used 288K [0x00000000d5580000, 0x00000000d6c80000, 0x0000000100000000)
  eden space 19968K, 0% used [0x00000000d5580000,0x00000000d5580000,0x00000000d6900000)
  from space 512K, 56% used [0x00000000d6c00000,0x00000000d6c48000,0x00000000d6c80000)
  to   space 1024K, 0% used [0x00000000d6a80000,0x00000000d6a80000,0x00000000d6b80000)
 ParOldGen       total 68608K, used 46211K [0x0000000080000000, 0x0000000084300000, 0x00000000d5580000)
  object space 68608K, 67% used [0x0000000080000000,0x0000000082d20c18,0x0000000084300000)
 Metaspace       used 40599K, committed 41664K, reserved 1114112K
  class space    used 4087K, committed 4544K, reserved 1048576K
}
Event: 34.097 GC heap before
{Heap before GC invocations=37 (full 2):
 PSYoungGen      total 20480K, used 20256K [0x00000000d5580000, 0x00000000d6c80000, 0x0000000100000000)
  eden space 19968K, 100% used [0x00000000d5580000,0x00000000d6900000,0x00000000d6900000)
  from space 512K, 56% used [0x00000000d6c00000,0x00000000d6c48000,0x00000000d6c80000)
  to   space 1024K, 0% used [0x00000000d6a80000,0x00000000d6a80000,0x00000000d6b80000)
 ParOldGen       total 68608K, used 46211K [0x0000000080000000, 0x0000000084300000, 0x00000000d5580000)
  object space 68608K, 67% used [0x0000000080000000,0x0000000082d20c18,0x0000000084300000)
 Metaspace       used 41234K, committed 42304K, reserved 1114112K
  class space    used 4129K, committed 4608K, reserved 1048576K
}
Event: 34.100 GC heap after
{Heap after GC invocations=37 (full 2):
 PSYoungGen      total 20992K, used 1024K [0x00000000d5580000, 0x00000000d6e00000, 0x0000000100000000)
  eden space 19968K, 0% used [0x00000000d5580000,0x00000000d5580000,0x00000000d6900000)
  from space 1024K, 100% used [0x00000000d6a80000,0x00000000d6b80000,0x00000000d6b80000)
  to   space 2560K, 0% used [0x00000000d6b80000,0x00000000d6b80000,0x00000000d6e00000)
 ParOldGen       total 68608K, used 47355K [0x0000000080000000, 0x0000000084300000, 0x00000000d5580000)
  object space 68608K, 69% used [0x0000000080000000,0x0000000082e3ec38,0x0000000084300000)
 Metaspace       used 41234K, committed 42304K, reserved 1114112K
  class space    used 4129K, committed 4608K, reserved 1048576K
}
Event: 35.068 GC heap before
{Heap before GC invocations=38 (full 2):
 PSYoungGen      total 20992K, used 20992K [0x00000000d5580000, 0x00000000d6e00000, 0x0000000100000000)
  eden space 19968K, 100% used [0x00000000d5580000,0x00000000d6900000,0x00000000d6900000)
  from space 1024K, 100% used [0x00000000d6a80000,0x00000000d6b80000,0x00000000d6b80000)
  to   space 2560K, 0% used [0x00000000d6b80000,0x00000000d6b80000,0x00000000d6e00000)
 ParOldGen       total 68608K, used 47355K [0x0000000080000000, 0x0000000084300000, 0x00000000d5580000)
  object space 68608K, 69% used [0x0000000080000000,0x0000000082e3ec38,0x0000000084300000)
 Metaspace       used 42570K, committed 43648K, reserved 1114112K
  class space    used 4242K, committed 4736K, reserved 1048576K
}
Event: 35.078 GC heap after
{Heap after GC invocations=38 (full 2):
 PSYoungGen      total 18432K, used 2539K [0x00000000d5580000, 0x00000000d7600000, 0x0000000100000000)
  eden space 15872K, 0% used [0x00000000d5580000,0x00000000d5580000,0x00000000d6500000)
  from space 2560K, 99% used [0x00000000d6b80000,0x00000000d6dfae38,0x00000000d6e00000)
  to   space 6656K, 0% used [0x00000000d6500000,0x00000000d6500000,0x00000000d6b80000)
 ParOldGen       total 68608K, used 50422K [0x0000000080000000, 0x0000000084300000, 0x00000000d5580000)
  object space 68608K, 73% used [0x0000000080000000,0x000000008313db98,0x0000000084300000)
 Metaspace       used 42570K, committed 43648K, reserved 1114112K
  class space    used 4242K, committed 4736K, reserved 1048576K
}
Event: 35.809 GC heap before
{Heap before GC invocations=39 (full 2):
 PSYoungGen      total 18432K, used 18353K [0x00000000d5580000, 0x00000000d7600000, 0x0000000100000000)
  eden space 15872K, 99% used [0x00000000d5580000,0x00000000d64f15f0,0x00000000d6500000)
  from space 2560K, 99% used [0x00000000d6b80000,0x00000000d6dfae38,0x00000000d6e00000)
  to   space 6656K, 0% used [0x00000000d6500000,0x00000000d6500000,0x00000000d6b80000)
 ParOldGen       total 68608K, used 50422K [0x0000000080000000, 0x0000000084300000, 0x00000000d5580000)
  object space 68608K, 73% used [0x0000000080000000,0x000000008313db98,0x0000000084300000)
 Metaspace       used 44056K, committed 45120K, reserved 1114112K
  class space    used 4387K, committed 4864K, reserved 1048576K
}
Event: 35.818 GC heap after
{Heap after GC invocations=39 (full 2):
 PSYoungGen      total 17920K, used 1833K [0x00000000d5580000, 0x00000000d6c00000, 0x0000000100000000)
  eden space 15872K, 0% used [0x00000000d5580000,0x00000000d5580000,0x00000000d6500000)
  from space 2048K, 89% used [0x00000000d6500000,0x00000000d66ca690,0x00000000d6700000)
  to   space 3584K, 0% used [0x00000000d6880000,0x00000000d6880000,0x00000000d6c00000)
 ParOldGen       total 68608K, used 52954K [0x0000000080000000, 0x0000000084300000, 0x00000000d5580000)
  object space 68608K, 77% used [0x0000000080000000,0x00000000833b69e0,0x0000000084300000)
 Metaspace       used 44056K, committed 45120K, reserved 1114112K
  class space    used 4387K, committed 4864K, reserved 1048576K
}
Event: 36.228 GC heap before
{Heap before GC invocations=40 (full 2):
 PSYoungGen      total 17920K, used 17705K [0x00000000d5580000, 0x00000000d6c00000, 0x0000000100000000)
  eden space 15872K, 100% used [0x00000000d5580000,0x00000000d6500000,0x00000000d6500000)
  from space 2048K, 89% used [0x00000000d6500000,0x00000000d66ca690,0x00000000d6700000)
  to   space 3584K, 0% used [0x00000000d6880000,0x00000000d6880000,0x00000000d6c00000)
 ParOldGen       total 68608K, used 52954K [0x0000000080000000, 0x0000000084300000, 0x00000000d5580000)
  object space 68608K, 77% used [0x0000000080000000,0x00000000833b69e0,0x0000000084300000)
 Metaspace       used 44435K, committed 45568K, reserved 1114112K
  class space    used 4431K, committed 4928K, reserved 1048576K
}
Event: 36.231 GC heap after
{Heap after GC invocations=40 (full 2):
 PSYoungGen      total 17408K, used 1040K [0x00000000d5580000, 0x00000000d6a00000, 0x0000000100000000)
  eden space 15872K, 0% used [0x00000000d5580000,0x00000000d5580000,0x00000000d6500000)
  from space 1536K, 67% used [0x00000000d6880000,0x00000000d6984030,0x00000000d6a00000)
  to   space 2048K, 0% used [0x00000000d6600000,0x00000000d6600000,0x00000000d6800000)
 ParOldGen       total 68608K, used 54269K [0x0000000080000000, 0x0000000084300000, 0x00000000d5580000)
  object space 68608K, 79% used [0x0000000080000000,0x00000000834ff428,0x0000000084300000)
 Metaspace       used 44435K, committed 45568K, reserved 1114112K
  class space    used 4431K, committed 4928K, reserved 1048576K
}
Event: 36.597 GC heap before
{Heap before GC invocations=41 (full 2):
 PSYoungGen      total 17408K, used 16912K [0x00000000d5580000, 0x00000000d6a00000, 0x0000000100000000)
  eden space 15872K, 100% used [0x00000000d5580000,0x00000000d6500000,0x00000000d6500000)
  from space 1536K, 67% used [0x00000000d6880000,0x00000000d6984030,0x00000000d6a00000)
  to   space 2048K, 0% used [0x00000000d6600000,0x00000000d6600000,0x00000000d6800000)
 ParOldGen       total 68608K, used 54269K [0x0000000080000000, 0x0000000084300000, 0x00000000d5580000)
  object space 68608K, 79% used [0x0000000080000000,0x00000000834ff428,0x0000000084300000)
 Metaspace       used 44567K, committed 45632K, reserved 1114112K
  class space    used 4437K, committed 4928K, reserved 1048576K
}
Event: 36.601 GC heap after
{Heap after GC invocations=41 (full 2):
 PSYoungGen      total 17408K, used 1440K [0x00000000d5580000, 0x00000000d6900000, 0x0000000100000000)
  eden space 15872K, 0% used [0x00000000d5580000,0x00000000d5580000,0x00000000d6500000)
  from space 1536K, 93% used [0x00000000d6600000,0x00000000d6768000,0x00000000d6780000)
  to   space 1536K, 0% used [0x00000000d6780000,0x00000000d6780000,0x00000000d6900000)
 ParOldGen       total 68608K, used 55253K [0x0000000080000000, 0x0000000084300000, 0x00000000d5580000)
  object space 68608K, 80% used [0x0000000080000000,0x00000000835f5528,0x0000000084300000)
 Metaspace       used 44567K, committed 45632K, reserved 1114112K
  class space    used 4437K, committed 4928K, reserved 1048576K
}

