# JRE version: OpenJDK Runtime Environment Temurin-21.0.10+7 (21.0.10+7) (build 21.0.10+7-LTS)
# Java VM: OpenJDK 64-Bit Server VM Temurin-21.0.10+7 (21.0.10+7-LTS, mixed mode, sharing, tiered, compressed oops, compressed class ptrs, parallel gc, windows-amd64)
GC Precious Log:
 CardTable entry size: 512
 CPUs: 4 total, 4 available
 Memory: 7959M
 Large Page Support: Disabled
 NUMA Support: Disabled
 Compressed Oops: Enabled (32-bit)
 Alignments: Space 512K, Generation 512K, Heap 2M
 Heap Min Capacity: 100M
 Heap Initial Capacity: 100M
 Heap Max Capacity: 2G
 Pre-touch: Disabled
 Parallel Workers: 4
Heap:
 PSYoungGen      total 2048K, used 1929K [0x00000000d5580000, 0x00000000d5a00000, 0x0000000100000000)
  eden space 1536K, 100% used [0x00000000d5580000,0x00000000d5700000,0x00000000d5700000)
  from space 512K, 76% used [0x00000000d5980000,0x00000000d59e2568,0x00000000d5a00000)
  to   space 512K, 81% used [0x00000000d5900000,0x00000000d5968000,0x00000000d5980000)
 ParOldGen       total 119296K, used 118823K [0x0000000080000000, 0x0000000087480000, 0x00000000d5580000)
  object space 119296K, 99% used [0x0000000080000000,0x0000000087409f10,0x0000000087480000)
 Metaspace       used 72428K, committed 73920K, reserved 1179648K
  class space    used 7474K, committed 8128K, reserved 1048576K
GC Heap History (20 events):
Event: 89.516 GC heap before
{Heap before GC invocations=157 (full 3):
 PSYoungGen      total 2048K, used 1936K [0x00000000d5580000, 0x00000000d5a00000, 0x0000000100000000)
  eden space 1536K, 100% used [0x00000000d5580000,0x00000000d5700000,0x00000000d5700000)
  from space 512K, 78% used [0x00000000d5900000,0x00000000d5964028,0x00000000d5980000)
  to   space 512K, 0% used [0x00000000d5980000,0x00000000d5980000,0x00000000d5a00000)
 ParOldGen       total 114176K, used 114085K [0x0000000080000000, 0x0000000086f80000, 0x00000000d5580000)
  object space 114176K, 99% used [0x0000000080000000,0x0000000086f695a8,0x0000000086f80000)
 Metaspace       used 72425K, committed 73920K, reserved 1179648K
  class space    used 7474K, committed 8128K, reserved 1048576K
}
Event: 89.517 GC heap after
{Heap after GC invocations=157 (full 3):
 PSYoungGen      total 2048K, used 378K [0x00000000d5580000, 0x00000000d5a00000, 0x0000000100000000)
  eden space 1536K, 0% used [0x00000000d5580000,0x00000000d5580000,0x00000000d5700000)
  from space 512K, 73% used [0x00000000d5980000,0x00000000d59dead0,0x00000000d5a00000)
  to   space 512K, 0% used [0x00000000d5900000,0x00000000d5900000,0x00000000d5980000)
 ParOldGen       total 114688K, used 114424K [0x0000000080000000, 0x0000000087000000, 0x00000000d5580000)
  object space 114688K, 99% used [0x0000000080000000,0x0000000086fbe330,0x0000000087000000)
 Metaspace       used 72425K, committed 73920K, reserved 1179648K
  class space    used 7474K, committed 8128K, reserved 1048576K
}
Event: 89.527 GC heap before
{Heap before GC invocations=158 (full 3):
 PSYoungGen      total 2048K, used 1914K [0x00000000d5580000, 0x00000000d5a00000, 0x0000000100000000)
  eden space 1536K, 100% used [0x00000000d5580000,0x00000000d5700000,0x00000000d5700000)
  from space 512K, 73% used [0x00000000d5980000,0x00000000d59dead0,0x00000000d5a00000)
  to   space 512K, 0% used [0x00000000d5900000,0x00000000d5900000,0x00000000d5980000)
 ParOldGen       total 114688K, used 114424K [0x0000000080000000, 0x0000000087000000, 0x00000000d5580000)
  object space 114688K, 99% used [0x0000000080000000,0x0000000086fbe330,0x0000000087000000)
 Metaspace       used 72428K, committed 73920K, reserved 1179648K
  class space    used 7474K, committed 8128K, reserved 1048576K
}
Event: 89.528 GC heap after
{Heap after GC invocations=158 (full 3):
 PSYoungGen      total 2048K, used 384K [0x00000000d5580000, 0x00000000d5a00000, 0x0000000100000000)
  eden space 1536K, 0% used [0x00000000d5580000,0x00000000d5580000,0x00000000d5700000)
  from space 512K, 75% used [0x00000000d5900000,0x00000000d5960000,0x00000000d5980000)
  to   space 512K, 0% used [0x00000000d5980000,0x00000000d5980000,0x00000000d5a00000)
 ParOldGen       total 115200K, used 114761K [0x0000000080000000, 0x0000000087080000, 0x00000000d5580000)
  object space 115200K, 99% used [0x0000000080000000,0x00000000870124c0,0x0000000087080000)
 Metaspace       used 72428K, committed 73920K, reserved 1179648K
  class space    used 7474K, committed 8128K, reserved 1048576K
}
Event: 89.674 GC heap before
{Heap before GC invocations=159 (full 3):
 PSYoungGen      total 2048K, used 1920K [0x00000000d5580000, 0x00000000d5a00000, 0x0000000100000000)
  eden space 1536K, 100% used [0x00000000d5580000,0x00000000d5700000,0x00000000d5700000)
  from space 512K, 75% used [0x00000000d5900000,0x00000000d5960000,0x00000000d5980000)
  to   space 512K, 0% used [0x00000000d5980000,0x00000000d5980000,0x00000000d5a00000)
 ParOldGen       total 115200K, used 114761K [0x0000000080000000, 0x0000000087080000, 0x00000000d5580000)
  object space 115200K, 99% used [0x0000000080000000,0x00000000870124c0,0x0000000087080000)
 Metaspace       used 72428K, committed 73920K, reserved 1179648K
  class space    used 7474K, committed 8128K, reserved 1048576K
}
Event: 89.675 GC heap after
{Heap after GC invocations=159 (full 3):
 PSYoungGen      total 2048K, used 416K [0x00000000d5580000, 0x00000000d5a00000, 0x0000000100000000)
  eden space 1536K, 0% used [0x00000000d5580000,0x00000000d5580000,0x00000000d5700000)
  from space 512K, 81% used [0x00000000d5980000,0x00000000d59e8000,0x00000000d5a00000)
  to   space 512K, 0% used [0x00000000d5900000,0x00000000d5900000,0x00000000d5980000)
 ParOldGen       total 115200K, used 115093K [0x0000000080000000, 0x0000000087080000, 0x00000000d5580000)
  object space 115200K, 99% used [0x0000000080000000,0x0000000087065408,0x0000000087080000)
 Metaspace       used 72428K, committed 73920K, reserved 1179648K
  class space    used 7474K, committed 8128K, reserved 1048576K
}
Event: 89.723 GC heap before
{Heap before GC invocations=160 (full 3):
 PSYoungGen      total 2048K, used 1952K [0x00000000d5580000, 0x00000000d5a00000, 0x0000000100000000)
  eden space 1536K, 100% used [0x00000000d5580000,0x00000000d5700000,0x00000000d5700000)
  from space 512K, 81% used [0x00000000d5980000,0x00000000d59e8000,0x00000000d5a00000)
  to   space 512K, 0% used [0x00000000d5900000,0x00000000d5900000,0x00000000d5980000)
 ParOldGen       total 115200K, used 115093K [0x0000000080000000, 0x0000000087080000, 0x00000000d5580000)
  object space 115200K, 99% used [0x0000000080000000,0x0000000087065408,0x0000000087080000)
 Metaspace       used 72428K, committed 73920K, reserved 1179648K
  class space    used 7474K, committed 8128K, reserved 1048576K
}
Event: 89.724 GC heap after
{Heap after GC invocations=160 (full 3):
 PSYoungGen      total 2048K, used 384K [0x00000000d5580000, 0x00000000d5a00000, 0x0000000100000000)
  eden space 1536K, 0% used [0x00000000d5580000,0x00000000d5580000,0x00000000d5700000)
  from space 512K, 75% used [0x00000000d5900000,0x00000000d5960000,0x00000000d5980000)
  to   space 512K, 0% used [0x00000000d5980000,0x00000000d5980000,0x00000000d5a00000)
 ParOldGen       total 115712K, used 115453K [0x0000000080000000, 0x0000000087100000, 0x00000000d5580000)
  object space 115712K, 99% used [0x0000000080000000,0x00000000870bf5f0,0x0000000087100000)
 Metaspace       used 72428K, committed 73920K, reserved 1179648K
  class space    used 7474K, committed 8128K, reserved 1048576K
}
Event: 89.734 GC heap before
{Heap before GC invocations=161 (full 3):
 PSYoungGen      total 2048K, used 1920K [0x00000000d5580000, 0x00000000d5a00000, 0x0000000100000000)
  eden space 1536K, 100% used [0x00000000d5580000,0x00000000d5700000,0x00000000d5700000)
  from space 512K, 75% used [0x00000000d5900000,0x00000000d5960000,0x00000000d5980000)
  to   space 512K, 0% used [0x00000000d5980000,0x00000000d5980000,0x00000000d5a00000)
 ParOldGen       total 115712K, used 115453K [0x0000000080000000, 0x0000000087100000, 0x00000000d5580000)
  object space 115712K, 99% used [0x0000000080000000,0x00000000870bf5f0,0x0000000087100000)
 Metaspace       used 72428K, committed 73920K, reserved 1179648K
  class space    used 7474K, committed 8128K, reserved 1048576K
}
Event: 89.735 GC heap after
{Heap after GC invocations=161 (full 3):
 PSYoungGen      total 2048K, used 448K [0x00000000d5580000, 0x00000000d5a00000, 0x0000000100000000)
  eden space 1536K, 0% used [0x00000000d5580000,0x00000000d5580000,0x00000000d5700000)
  from space 512K, 87% used [0x00000000d5980000,0x00000000d59f0000,0x00000000d5a00000)
  to   space 512K, 0% used [0x00000000d5900000,0x00000000d5900000,0x00000000d5980000)
 ParOldGen       total 116224K, used 115783K [0x0000000080000000, 0x0000000087180000, 0x00000000d5580000)
  object space 116224K, 99% used [0x0000000080000000,0x0000000087111e18,0x0000000087180000)
 Metaspace       used 72428K, committed 73920K, reserved 1179648K
  class space    used 7474K, committed 8128K, reserved 1048576K
}
Event: 89.758 GC heap before
{Heap before GC invocations=162 (full 3):
 PSYoungGen      total 2048K, used 1984K [0x00000000d5580000, 0x00000000d5a00000, 0x0000000100000000)
  eden space 1536K, 100% used [0x00000000d5580000,0x00000000d5700000,0x00000000d5700000)
  from space 512K, 87% used [0x00000000d5980000,0x00000000d59f0000,0x00000000d5a00000)
  to   space 512K, 0% used [0x00000000d5900000,0x00000000d5900000,0x00000000d5980000)
 ParOldGen       total 116224K, used 115783K [0x0000000080000000, 0x0000000087180000, 0x00000000d5580000)
  object space 116224K, 99% used [0x0000000080000000,0x0000000087111e18,0x0000000087180000)
 Metaspace       used 72428K, committed 73920K, reserved 1179648K
  class space    used 7474K, committed 8128K, reserved 1048576K
}
Event: 89.760 GC heap after
{Heap after GC invocations=162 (full 3):
 PSYoungGen      total 2048K, used 220K [0x00000000d5580000, 0x00000000d5a00000, 0x0000000100000000)
  eden space 1536K, 0% used [0x00000000d5580000,0x00000000d5580000,0x00000000d5700000)
  from space 512K, 43% used [0x00000000d5900000,0x00000000d5937270,0x00000000d5980000)
  to   space 512K, 0% used [0x00000000d5980000,0x00000000d5980000,0x00000000d5a00000)
 ParOldGen       total 117248K, used 117034K [0x0000000080000000, 0x0000000087280000, 0x00000000d5580000)
  object space 117248K, 99% used [0x0000000080000000,0x000000008724abf8,0x0000000087280000)
 Metaspace       used 72428K, committed 73920K, reserved 1179648K
  class space    used 7474K, committed 8128K, reserved 1048576K
}
Event: 89.792 GC heap before
{Heap before GC invocations=163 (full 3):
 PSYoungGen      total 2048K, used 1756K [0x00000000d5580000, 0x00000000d5a00000, 0x0000000100000000)
  eden space 1536K, 100% used [0x00000000d5580000,0x00000000d5700000,0x00000000d5700000)
  from space 512K, 43% used [0x00000000d5900000,0x00000000d5937270,0x00000000d5980000)
  to   space 512K, 0% used [0x00000000d5980000,0x00000000d5980000,0x00000000d5a00000)
 ParOldGen       total 117248K, used 117034K [0x0000000080000000, 0x0000000087280000, 0x00000000d5580000)
  object space 117248K, 99% used [0x0000000080000000,0x000000008724abf8,0x0000000087280000)
 Metaspace       used 72428K, committed 73920K, reserved 1179648K
  class space    used 7474K, committed 8128K, reserved 1048576K
}
Event: 89.793 GC heap after
{Heap after GC invocations=163 (full 3):
 PSYoungGen      total 2048K, used 432K [0x00000000d5580000, 0x00000000d5a00000, 0x0000000100000000)
  eden space 1536K, 0% used [0x00000000d5580000,0x00000000d5580000,0x00000000d5700000)
  from space 512K, 84% used [0x00000000d5980000,0x00000000d59ec268,0x00000000d5a00000)
  to   space 512K, 0% used [0x00000000d5900000,0x00000000d5900000,0x00000000d5980000)
 ParOldGen       total 117248K, used 117205K [0x0000000080000000, 0x0000000087280000, 0x00000000d5580000)
  object space 117248K, 99% used [0x0000000080000000,0x0000000087275698,0x0000000087280000)
 Metaspace       used 72428K, committed 73920K, reserved 1179648K
  class space    used 7474K, committed 8128K, reserved 1048576K
}
Event: 89.804 GC heap before
{Heap before GC invocations=164 (full 3):
 PSYoungGen      total 2048K, used 1968K [0x00000000d5580000, 0x00000000d5a00000, 0x0000000100000000)
  eden space 1536K, 99% used [0x00000000d5580000,0x00000000d56fffc8,0x00000000d5700000)
  from space 512K, 84% used [0x00000000d5980000,0x00000000d59ec268,0x00000000d5a00000)
  to   space 512K, 0% used [0x00000000d5900000,0x00000000d5900000,0x00000000d5980000)
 ParOldGen       total 117248K, used 117205K [0x0000000080000000, 0x0000000087280000, 0x00000000d5580000)
  object space 117248K, 99% used [0x0000000080000000,0x0000000087275698,0x0000000087280000)
 Metaspace       used 72428K, committed 73920K, reserved 1179648K
  class space    used 7474K, committed 8128K, reserved 1048576K
}
Event: 89.805 GC heap after
{Heap after GC invocations=164 (full 3):
 PSYoungGen      total 2048K, used 384K [0x00000000d5580000, 0x00000000d5a00000, 0x0000000100000000)
  eden space 1536K, 0% used [0x00000000d5580000,0x00000000d5580000,0x00000000d5700000)
  from space 512K, 75% used [0x00000000d5900000,0x00000000d5960000,0x00000000d5980000)
  to   space 512K, 0% used [0x00000000d5980000,0x00000000d5980000,0x00000000d5a00000)
 ParOldGen       total 117760K, used 117573K [0x0000000080000000, 0x0000000087300000, 0x00000000d5580000)
  object space 117760K, 99% used [0x0000000080000000,0x00000000872d1790,0x0000000087300000)
 Metaspace       used 72428K, committed 73920K, reserved 1179648K
  class space    used 7474K, committed 8128K, reserved 1048576K
}
Event: 89.811 GC heap before
{Heap before GC invocations=165 (full 3):
 PSYoungGen      total 2048K, used 1919K [0x00000000d5580000, 0x00000000d5a00000, 0x0000000100000000)
  eden space 1536K, 99% used [0x00000000d5580000,0x00000000d56ffff8,0x00000000d5700000)
  from space 512K, 75% used [0x00000000d5900000,0x00000000d5960000,0x00000000d5980000)
  to   space 512K, 0% used [0x00000000d5980000,0x00000000d5980000,0x00000000d5a00000)
 ParOldGen       total 117760K, used 117573K [0x0000000080000000, 0x0000000087300000, 0x00000000d5580000)
  object space 117760K, 99% used [0x0000000080000000,0x00000000872d1790,0x0000000087300000)
 Metaspace       used 72428K, committed 73920K, reserved 1179648K
  class space    used 7474K, committed 8128K, reserved 1048576K
}
Event: 89.812 GC heap after
{Heap after GC invocations=165 (full 3):
 PSYoungGen      total 2048K, used 384K [0x00000000d5580000, 0x00000000d5a00000, 0x0000000100000000)
  eden space 1536K, 0% used [0x00000000d5580000,0x00000000d5580000,0x00000000d5700000)
  from space 512K, 75% used [0x00000000d5980000,0x00000000d59e0000,0x00000000d5a00000)
  to   space 512K, 0% used [0x00000000d5900000,0x00000000d5900000,0x00000000d5980000)
 ParOldGen       total 118272K, used 117909K [0x0000000080000000, 0x0000000087380000, 0x00000000d5580000)
  object space 118272K, 99% used [0x0000000080000000,0x0000000087325560,0x0000000087380000)
 Metaspace       used 72428K, committed 73920K, reserved 1179648K
  class space    used 7474K, committed 8128K, reserved 1048576K
}
Event: 89.852 GC heap before
{Heap before GC invocations=166 (full 3):
 PSYoungGen      total 2048K, used 1920K [0x00000000d5580000, 0x00000000d5a00000, 0x0000000100000000)
  eden space 1536K, 100% used [0x00000000d5580000,0x00000000d5700000,0x00000000d5700000)
  from space 512K, 75% used [0x00000000d5980000,0x00000000d59e0000,0x00000000d5a00000)
  to   space 512K, 0% used [0x00000000d5900000,0x00000000d5900000,0x00000000d5980000)
 ParOldGen       total 118272K, used 117909K [0x0000000080000000, 0x0000000087380000, 0x00000000d5580000)
  object space 118272K, 99% used [0x0000000080000000,0x0000000087325560,0x0000000087380000)
 Metaspace       used 72428K, committed 73920K, reserved 1179648K
  class space    used 7474K, committed 8128K, reserved 1048576K
}
Event: 89.853 GC heap after
{Heap after GC invocations=166 (full 3):
 PSYoungGen      total 2048K, used 377K [0x00000000d5580000, 0x00000000d5a00000, 0x0000000100000000)
  eden space 1536K, 0% used [0x00000000d5580000,0x00000000d5580000,0x00000000d5700000)
  from space 512K, 73% used [0x00000000d5900000,0x00000000d595e758,0x00000000d5980000)
  to   space 512K, 0% used [0x00000000d5980000,0x00000000d5980000,0x00000000d5a00000)
 ParOldGen       total 118272K, used 118267K [0x0000000080000000, 0x0000000087380000, 0x00000000d5580000)
  object space 118272K, 99% used [0x0000000080000000,0x000000008737ef18,0x0000000087380000)
 Metaspace       used 72428K, committed 73920K, reserved 1179648K
  class space    used 7474K, committed 8128K, reserved 1048576K
}

